<?xml version="1.0" encoding="UTF-8"?><testsuite errors="1" failures="0" name="Seguimiento tablero Trello" skipped="0" tests="1" time="45.58" timestamp="2020-05-19T08:58:47.223-05:00[America/Bogota]"><testcase name="Title of your scenario outline"><error message="The following error occurred: Timed out after 10 seconds. Element not available&#10;Build info: version: '3.5.2', revision: '10229a9', time: '2017-08-21T17:29:55.15Z'&#10;System info: host: 'CHMEPPF0GZSHM', ip: '192.168.0.44', os.name: 'Windows 10', os.arch: 'amd64', os.version: '10.0', java.version: '1.8.0_211'&#10;Driver info: driver.version: unknown&#10;Build info: version: '3.5.2', revision: '10229a9', time: '2017-08-21T17:29:55.15Z'&#10;System info: host: 'CHMEPPF0GZSHM', ip: '192.168.0.44', os.name: 'Windows 10', os.arch: 'amd64', os.version: '10.0', java.version: '1.8.0_211'&#10;Driver info: driver.version: unknown" type="org.openqa.selenium.ElementNotVisibleException">The following error occurred: Timed out after 10 seconds. Element not available
Build info: version: '3.5.2', revision: '10229a9', time: '2017-08-21T17:29:55.15Z'
System info: host: 'CHMEPPF0GZSHM', ip: '192.168.0.44', os.name: 'Windows 10', os.arch: 'amd64', os.version: '10.0', java.version: '1.8.0_211'
Driver info: driver.version: unknown
Build info: version: '3.5.2', revision: '10229a9', time: '2017-08-21T17:29:55.15Z'
System info: host: 'CHMEPPF0GZSHM', ip: '192.168.0.44', os.name: 'Windows 10', os.arch: 'amd64', os.version: '10.0', java.version: '1.8.0_211'
Driver info: driver.version: unknown</error><system-err>The following error occurred: Timed out after 10 seconds. Element not available
Build info: version: '3.5.2', revision: '10229a9', time: '2017-08-21T17:29:55.15Z'
System info: host: 'CHMEPPF0GZSHM', ip: '192.168.0.44', os.name: 'Windows 10', os.arch: 'amd64', os.version: '10.0', java.version: '1.8.0_211'
Driver info: driver.version: unknown
Build info: version: '3.5.2', revision: '10229a9', time: '2017-08-21T17:29:55.15Z'
System info: host: 'CHMEPPF0GZSHM', ip: '192.168.0.44', os.name: 'Windows 10', os.arch: 'amd64', os.version: '10.0', java.version: '1.8.0_211'
Driver info: driver.version: unknown&#13;
com.choucair.formacion.pageobjects.TrelloLogInPage.ingresoDatos(TrelloLogInPage.java:35)&#13;
com.choucair.formacion.steps.TrelloTableroSteps.login_trello(TrelloTableroSteps.java:18)&#13;
com.choucair.formacion.definition.TrelloTableroDefinition.inicio_sesion_con_correo_y_contraseña(TrelloTableroDefinition.java:17)&#13;
org.eclipse.jdt.internal.junit4.runner.JUnit4TestReference.run(JUnit4TestReference.java:89)&#13;
org.eclipse.jdt.internal.junit.runner.TestExecution.run(TestExecution.java:41)&#13;
org.eclipse.jdt.internal.junit.runner.RemoteTestRunner.runTests(RemoteTestRunner.java:541)&#13;
org.eclipse.jdt.internal.junit.runner.RemoteTestRunner.runTests(RemoteTestRunner.java:763)&#13;
org.eclipse.jdt.internal.junit.runner.RemoteTestRunner.run(RemoteTestRunner.java:463)&#13;
org.eclipse.jdt.internal.junit.runner.RemoteTestRunner.main(RemoteTestRunner.java:209)&#13;
</system-err></testcase></testsuite>